0 = MikeWilson [conv 2.0]
1 = KarenMillen [ok]
2 = BenQ [ok]
3 = Deltaskystore [ok]
4 = Monoprix-FR [ok]
5 = Gonsi [ok]
6 = GordonsJewelers [ok]
7 = HP-NO [ok]
8 = freshdirect [conv 2.0]
9 = Ellos-SV_SE [ok]
10 = test-conversations-demo-3 [conv 2.0]
11 = BigBrownBox [ok]
12 = SkinMedica [ok]
13 = Konebox-FI_FI [ok]
14 = Intercontinental [ok]
15 = Dell [ok]
16 = Dell-ES [ok]
17 = Starwood [ok]
18 = Halfords [ok]
19 = Kele [ok]
20 = Fellowes [ok]
21 = HongKong [ok]
22 = Intuit-CA [ok]
23 = IntuitCaFr [ok]
24 = Epson-store [ok]
25 = USAA [ok]
26 = GalleryDirect [ok]
27 = EKSuccess [ok]
28 = OfficeDesigns [ok]
29 = Grainger [ok]
30 = VirginMobileUSA [ok]
31 = Ariel-ES_MX [ok]
32 = Fidelity [ok]
33 = DigitalFederalCreditUnion [ok]
34 = Avon [ok]
35 = Avon-ES [ok]
36 = ApplianceOnline [ok]
37 = Yankeecandle [ok]
38 = Journeys [ok]
39 = Roots [ok]
40 = Onlinegolf [ok]
41 = JMBruneau-EN [ok]
42 = JMBruneau-FR [ok]
43 = JMBruneau-NL [ok]
44 = HOF-EN [ok]
45 = Bruneautech-EN [ok]
46 = Bruneautech-NL [ok]
47 = TheEntertainer-EN [ok]
48 = Orange-ES [ok]
49 = LaRedoute-EN [ok]
50 = GinaTricot-DA [ok]
51 = GinaTricot-DE [ok]
52 = GinaTricot-FI [ok]
53 = GinaTricot-NO [ok]
54 = GinaTricot-SV [ok]
55 = Lexus-SV [ok]
56 = Bestseller [ok]
57 = AlenCorp [ok]
58 = Pfaltzgraff [ok]
59 = BouyguesTelecom [ok]
60 = BodyShop [ok]
61 = JohnFrieda [ok]
62 = JohnFrieda-EN_US [ok]
63 = LandofNod [ok]
64 = LaneBryant [ok]
65 = SpeedwayMotors [ok]
66 = Garnethill [ok]
67 = HorizonHobby [ok]
68 = Scheelssports [ok]
69 = ExpediaHosted [ok]
70 = Origins-DE_DE [ok]
71 = Loblaw [ok]
72 = Loblaw-French [ok]
73 = 1800Flowers [ok]
74 = Behr [ok]
75 = About [ok]
76 = Jackspade [ok]
77 = Giggle [ok]
78 = Geico [ok]
79 = AnnSummers [ok]
80 = Aerosoles [ok]
81 = SonyAP-SG [ok]
82 = Kolcraft [ok]
83 = Allstate [ok]
84 = Nikon [ok]
85 = Acebrand [ok]
86 = Navitor [ok]
87 = Electroworld-CZ [ok]
88 = Gigantti-FI [ok]
89 = Elkjop-NO [ok]
90 = Markantalo-FI [ok]
91 = Lefdal-NO [ok]
92 = Electroworld-sv [ok]
93 = 3M_MPro [ok]
94 = MarcOPolo [ok]
95 = ClasOhlson-EN [ok]
96 = ClasOhlson-FI [ok]
97 = ClasOhlson-NO [ok]
98 = ClasOhlson-SV [ok]
99 = Bilka [ok]
100 = Salomon-FR [ok]
101 = Arcteryx [ok]
102 = Suunto [ok]
103 = NetOnNet [ok]
104 = RealOnlineshop [ok]
105 = NokiaCom [ok]
106 = KLM [ok]
107 = ECI [ok]
108 = FarrowBall [ok]
109 = Macys [ok]
110 = Bloomingdales [ok]
111 = Northface [ok]
112 = Wrangler [ok]
113 = MightyLeaf [ok]
114 = Logitech-EN_GB [ok]
115 = DavidsBridal [ok]
116 = Xerox [ok]
117 = SmartPak [ok]
118 = AllenEdmonds [ok]
119 = SperryTopSider [ok]
120 = Saucony [ok]
121 = Keds [ok]
122 = ColumbiaSportswear [ok]
123 = SorelIntl [ok]
124 = Canon-EN_CA [ok]
125 = GaylordHotels [ok]
126 = Orvis [ok]
127 = Motorola [ok]
128 = GardenSafe [ok]
129 = HotShot [ok]
130 = Skinstore [ok]
131 = Bol [ok]
132 = HeadShoulders-ES [ok]
133 = ProAdvisor [ok]
134 = sOliver [ok]
135 = Vacancestransat [ok]
136 = JJB [ok]
137 = CoastStores [ok]
138 = Wiggle-EN [ok]
139 = SonVideo [ok]
140 = CCS [ok]
141 = Shearings-Holidays [ok]
142 = Cheapy [ok]
143 = StenaLine [ok]
144 = Hobbs [ok]
145 = ErnestJones [ok]
146 = WhiteStuff [ok]
147 = ThomasPink [ok]
148 = ThomasPink-EN_US [ok]
149 = Toptable [ok]
150 = Spalook [ok]
151 = Rabobank-NL [ok]
152 = Olay-EN_NZ [ok]
153 = BrooksBrothers [ok]
154 = SKII-EN_SG [ok]
155 = SKII-ZH [ok]
156 = BlueShieldCA [ok]
157 = TriaBeauty [ok]
158 = TinyPrints [ok]
159 = DickSmith-AU [ok]
160 = DickSmith-NZ [ok]
161 = Douglas [ok]
162 = LearningCareGroup [ok]
163 = Revzilla [ok]
164 = TBC [ok]
165 = OregonMountainCommunity [ok]
166 = 1000Bulbs [ok]
167 = KayJewelers [ok]
168 = BuildABear [ok]
169 = NeimanMarcus [ok]
170 = Golfsmith [ok]
171 = WorldKitchen [ok]
172 = KodakEurope [ok]
173 = OrchardBrands [ok]
174 = Sephora [ok]
175 = MoreHome [ok]
176 = Vector [ok]
177 = Whirlpool [ok]
178 = TomTom [ok]
179 = Adobe [ok]
180 = Cabelas [ok]
181 = Kaspersky-PT_BR [ok]
182 = Kaspersky-ES [ok]
183 = Huggies [ok]
184 = Huggies-CA [ok]
185 = Huggies-ES [ok]
186 = Huggies-FR_CA [ok]
187 = Nextel-PT_BR [ok]
188 = HPAPJ [ok]
189 = HP-DE [ok]
190 = HP-EN [ok]
191 = HP-FR [ok]
192 = Gillette-EN_CA [ok]
193 = GilletteLA [ok]
194 = GilletteBrazil [ok]
195 = Clarisonic [ok]
196 = Icebreaker [ok]
197 = YellowPagesCA [ok]
198 = YellowPages-FR_CA [ok]
199 = GameStop [ok]
200 = GameStopCA [ok]
201 = AlternativeApparel [ok]
202 = GoAheadTours [ok]
203 = TheSourceCA [ok]
204 = TheSourceCA-FR [ok]
205 = EFTours [ok]
206 = TotalHockey [ok]
207 = Bluefly [ok]
208 = CanadianTire [ok]
209 = CanadianTire-FR [ok]
210 = DrJays [ok]
211 = Tundra [ok]
212 = TGW [ok]
213 = SoftballSavings [ok]
214 = BaseballSavings [ok]
215 = T-Mobile [ok]
216 = CardsDirect [ok]
217 = EFTours-CA [ok]
218 = Javia [ok]
219 = PotteryBarnKids [ok]
220 = CiscoHomeUK [ok]
221 = Nike [ok]
222 = NikeEmea [ok]
223 = Debenhams [ok]
224 = Gaiam [ok]
225 = Philosophy [ok]
226 = MEC [ok]
227 = MEC-FR [ok]
228 = TheGoodGuys [ok]
229 = ModernTeachingAids [ok]
230 = NorthernParrots [ok]
231 = Tween [ok]
232 = HPArticles [ok]
233 = Wickes [ok]
234 = Travelocity [ok]
235 = Medco [ok]
236 = SweetLeafTea [ok]
237 = VFoundation [ok]
238 = 2Xist [ok]
239 = Adler-DE_DE [ok]
240 = Ashford [ok]
241 = BassPro [ok]
242 = BCBSAZ [ok]
243 = BestBuy [ok]
244 = Biotherm [ok]
245 = Boulanger [ok]
246 = BriggsStratton [ok]
247 = Brita [ok]
248 = But [ok]
249 = HotSpring [ok]
250 = Canon-AU [ok]
251 = Carhartt [ok]
252 = Carphonewarehouse [ok]
253 = CartridgePeople [ok]
254 = Charmin [ok]
255 = ChristianBook [ok]
256 = Claires [ok]
257 = Clarisonic-GB [ok]
258 = CompanyC [ok]
259 = Costco [ok]
260 = CyDen [ok]
261 = DirectionsCreditUnion [ok]
262 = DisneyStore [ok]
263 = DoverSaddlery [ok]
264 = PowerEquipmentPlus [ok]
265 = Dungarees [ok]
266 = EDreams-DE [ok]
267 = EDreams-PT [ok]
268 = ELITEAUTO [ok]
269 = PCCity-SE [ok]
270 = ElsevierHealth-GB [ok]
271 = EntirelyPets [ok]
272 = EnvieDePlus [ok]
273 = Esprit-FR [ok]
274 = EvansvilleTeachersFCU [ok]
275 = Falabella [ok]
276 = Figis [ok]
277 = Fitflop-EN_GB [ok]
278 = Footjoy [ok]
279 = ForMeOnline [ok]
280 = Fossil [ok]
281 = Frigidaire [ok]
282 = GenerationsFCU [ok]
283 = GHHJapan-JA_JP [ok]
284 = Gillette-TR_TR [ok]
285 = GilletteVenus [ok]
286 = GiorgioArmani [ok]
287 = GlutenFreely [ok]
288 = HomeMadeSimple [ok]
289 = Grilling [ok]
290 = HannaAndersson [ok]
291 = HappyAngler-SV_SE [ok]
292 = Letterbox [ok]
293 = HeadShoulders-RU_RU [ok]
294 = Helzberg-Stories [ok]
295 = HEMA-FR_BE [ok]
296 = HEMA-NL_BE [ok]
297 = HomeMadeSimple-ES_US [ok]
298 = HP [ok]
299 = Iams-EN_CA [ok]
300 = IBMUKMidMarket [ok]
301 = Imwalking [ok]
302 = IngramMicro [ok]
303 = Inlighten-Stories [ok]
304 = Innovations [ok]
305 = InstantOcean [ok]
306 = IsabellaOliver [ok]
307 = IWOOT [ok]
308 = AllAboutCoats [ok]
309 = JENNYFER [ok]
310 = Jif [ok]
311 = JustBlinds [ok]
312 = Kiehlscanada-FR_CA [ok]
313 = KIEHLS-EN_GB [ok]
314 = LacosteFragrances [ok]
315 = LancomeCanada [ok]
316 = Lego [ok]
317 = LetsbuyCom [ok]
318 = Levenger [ok]
319 = LG-EN_AU [ok]
320 = LogitechAU [ok]
321 = Loop18 [ok]
322 = LululemonAu [ok]
323 = Luvs [ok]
324 = MarriottSkyStore [ok]
325 = Masters [ok]
326 = MeetMark [ok]
327 = Michaelscanada [ok]
328 = Microsoft [ok]
329 = Middlesex [ok]
330 = Montrail [ok]
331 = NavyFederal [ok]
332 = Neckermann-DE_CH [ok]
333 = Nectar [ok]
334 = NewBalance [ok]
335 = Nivea [ok]
336 = Novation [ok]
337 = OfficeMax [ok]
338 = Ojon [ok]
339 = Olay-AU [ok]
340 = Olay-DE_DE [ok]
341 = OlayWE [ok]
342 = Mrjet [ok]
343 = Origins-UK [ok]
344 = Orion [ok]
345 = Outlet [ok]
346 = Pampers-CS_CZ [ok]
347 = Pampers-RU_RU [ok]
348 = PanteneBrazil [ok]
349 = PartyCity [ok]
350 = Pasttimes [ok]
351 = PGBrandVoice [ok]
352 = PlazaVIP [ok]
353 = PostItTeachers [ok]
354 = Promod-DE [ok]
355 = PullUps [ok]
356 = VitaminWorld [ok]
357 = Quelle [ok]
358 = Quicken [ok]
359 = RBFCU [ok]
360 = RCI-DA [ok]
361 = RCI-DE [ok]
362 = RCI-FR [ok]
363 = RCI-IT [ok]
364 = RCI-NL [ok]
365 = RCI-NO [ok]
366 = RCI-SV [ok]
367 = ReebokCCM [ok]
368 = RelicBrand [ok]
369 = ReVive [ok]
370 = Rouge [ok]
371 = Rouge-EN_AU [ok]
372 = Ryka [ok]
373 = Samsung-DE_DE [ok]
374 = Scotchbrand-EN_GB [ok]
375 = Secret-FR_CA [ok]
376 = Sephora-IT [ok]
377 = Shoptime [ok]
378 = Shutterfly [ok]
379 = SpinMaster [ok]
380 = StenaLine-NL [ok]
381 = TedBaker [ok]
382 = TheRange [ok]
383 = TheSportshq-DE [ok]
384 = Tide-ES [ok]
385 = TMW [ok]
386 = Toolbox [ok]
387 = Toshiba-FI [ok]
388 = Travelocity-EN_CA [ok]
389 = Travelocity-FR_CA [ok]
390 = TurboTax [ok]
391 = Veet [ok]
392 = Celaia-FR [ok]
393 = Warehousefashions [ok]
394 = Wusthof [ok]
395 = Xerox-EN_CA [ok]
396 = Xeroxdirect [ok]
397 = SkinAndWoundCare [ok]
398 = ZionsBank [ok]
399 = AmexOPEN [ok]
400 = DiscountShoeStore [ok]
401 = VirginMobileAustralia [ok]
402 = SurfStitch [ok]
403 = IntuitAccountant [ok]
404 = Intuitlacerte [ok]
405 = IntuitPayments [ok]
406 = YesGolf [ok]
407 = Adidas-EN_FI [ok]
408 = Clairol-FR_CA [ok]
409 = SmartBeautyBuys-FR_CA [ok]
410 = SmartBeautyBuys-EN_CA [ok]
411 = Olay-NL_NL [ok]
412 = Secret-EN_CA [ok]
413 = Duracell-PL_PL [ok]
414 = Duracell-EN_GB [ok]
415 = OralB-TR_TR [ok]
416 = OralB-PL_PL [ok]
417 = OralB-HU_HU [ok]
418 = Ariel [ok]
419 = Always-EN_CA [ok]
420 = Always-ES [ok]
421 = PGTryIt [ok]
422 = CoverGirl-EN_CA [ok]
423 = Duracell-ES [ok]
424 = OasisFashions [ok]
425 = BehrPro [ok]
426 = Berries [ok]
427 = BurtsBees-AU [ok]
428 = HollandAmerica [ok]
429 = Boymeetsgirl [ok]
430 = WSJWine [ok]
431 = VirginWinesAU [ok]
432 = DisneyStore-FR_FR [ok]
433 = Epson-ES [ok]
434 = HomeDecorators [ok]
435 = HP-DA [ok]
436 = SearsCanada-FR [ok]
437 = LGE-NL [ok]
438 = Moskova-DE [ok]
439 = Moskova-ES [ok]
440 = Moskova-FR [ok]
441 = Toshiba-IE [ok]
442 = BestBuyPCApp [ok]
443 = OlympusAmerica [ok]
444 = CarsDealer [ok]
445 = ATTB2B [ok]
446 = Crocs-ES_US [ok]
447 = CrocsBR [ok]
448 = CrocsPL [ok]
449 = CrocsNO [ok]
450 = SaksFifthAvenue [ok]
451 = Lightlife [ok]
452 = HEB [ok]
453 = Cyberswim-Stories [ok]
454 = WhatFrostBelieves [ok]
455 = DannonLightFit [ok]
456 = Rogers-FR [ok]
457 = CentralPoint-NL_NL [ok]
458 = IBMSTG-EN [ok]
459 = AlmBrand [ok]
460 = PhiladelphiaEagles [ok]
461 = Ticketmaster-en_DE [ok]
462 = TivoliAudio [ok]
463 = Groundswell [ok]
464 = ConnectFood [ok]
465 = CampbellsKitchen [ok]
466 = SnowAndRock [ok]
467 = Uniqlo-EN_US [ok]
468 = Epson-EN_AU [ok]
469 = Biore [ok]
470 = SKII-EN_MY [ok]
471 = IBMSTG [ok]
472 = Fitflop-EN_EU [ok]
473 = SmithOptics [ok]
474 = STIHL [ok]
475 = Burton [ok]
476 = Costco-FR_CA [ok]
477 = Dacor [ok]
478 = Duracell-FR_FR [ok]
479 = DuracellPowermat [ok]
480 = Electrolux [ok]
481 = Enviedeplus-FR_NL [ok]
482 = Epson-DE [ok]
483 = FabricCom [ok]
484 = Redmax [ok]
485 = CubCadet [ok]
486 = Viajesfalabella [ok]
487 = Nokia-FI_FI [ok]
488 = Nokia-FR_FR [ok]
489 = Iprint [ok]
490 = CalvinKlein [ok]
491 = Carolina [ok]
492 = SonyCreativeSoftware [ok]
493 = OneDirect-FR [ok]
494 = Dyson-UK [ok]
495 = Altrec [ok]
496 = ColeHaan [ok]
497 = Belair-Ontario-EN_CA [ok]
498 = Anthropologie [ok]
499 = AirPurifiersAmerica [ok]
500 = JDSports [ok]
501 = SwansonHealth [ok]
502 = TheLimited [ok]
503 = Depend [ok]
504 = OtterBox [ok]
505 = ExtraordinaryDogs-DE_CH [ok]
506 = RosettaStone [ok]
507 = Nexcare-ES_MX [ok]
508 = Futuro-EN_AU [ok]
509 = Birchbox [ok]
510 = AEG-EN_GB [ok]
511 = AutoNation [ok]
512 = Mrclean [ok]
513 = Maclarenbaby [ok]
514 = Always-TR_TR [ok]
515 = LGElectronics-FR [ok]
516 = Darphin-EN_GB [ok]
517 = WrapLondon-EN_US [ok]
518 = PumaDe [ok]
519 = TakeLessons [ok]
520 = VintageTub [ok]
521 = ChefsCatalog [ok]
522 = HarvardBusinessReview [ok]
523 = Bruneautech-FR [ok]
524 = Matelsom [ok]
525 = Homecenter [ok]
526 = DSW [ok]
527 = CelebrateExpress [ok]
528 = CiscoHome [ok]
529 = Prevacid [ok]
530 = DockersGlobal [ok]
531 = Ellos-FI_FI [ok]
532 = Ellos-DA_DK [ok]
533 = CP1-ACME [conv 2.0]
534 = testcustomer-E2E [conv 2.0]
535 = HugoBoss [conv 2.0]
536 = BVP-Demandware-Sandbox2 [conv 2.0]
537 = InstinctPetFood [conv 2.0]
538 = QADimSum1 [conv 2.0]
539 = IntuitConv20 [conv 2.0]
540 = Goodies [conv 2.0]
541 = ExactTarget9 [conv 2.0]
542 = WD40 [conv 2.0]
543 = WD40Specialist [conv 2.0]
544 = ci-demo [conv 2.0]
545 = TrueChews [conv 2.0]
546 = SpotShot [conv 2.0]
547 = 2000Flushes [conv 2.0]
548 = Hartz [conv 2.0]
549 = PurinaProPlan [conv 2.0]
550 = WesternDigital [conv 2.0]
551 = new-test [conv 2.0]
552 = FantasticFurniture [conv 2.0]
553 = ts-sandbox [conv 2.0]
554 = support-sandbox [conv 2.0]
555 = bvp-demandware-sandbox3 [conv 2.0]
556 = bvp-demandware-sandbox4 [conv 2.0]
557 = Ecommera [conv 2.0]
558 = BVSalesMockups [conv 2.0]
559 = ci-brands-demo [conv 2.0]
560 = Peruvianconnectionuk [ok]
561 = 3SuissesBelgique-FR [ok]
562 = LaRedoute-SV_SE [ok]
563 = ExactTarget8 [conv 2.0]
564 = Zanussi-EN_GB [ok]
565 = Electrolux-SV_SE [ok]
566 = Bealls [ok]
567 = AKG-NL [ok]
568 = Penaten [conv 2.0]
569 = test-conversations-demo-2 [conv 2.0]
570 = test-conversations-demo-4 [conv 2.0]
571 = testcustomer-rebecca-us [conv 2.0]
572 = test-conversations-demo [conv 2.0]
573 = test-conversations-demo-1 [conv 2.0]
574 = ABC-Japan [conv 2.0]
575 = APIReadOnlySandbox [ok]
576 = testcustomer-rebecca [conv 2.0]
577 = LabSeries-JA_JP [ok]
578 = JJill [ok]
579 = Target [ok]
580 = RewardMe [ok]
581 = Danskin [ok]
582 = DennisKirk [ok]
583 = Olay-EN_AU [ok]
584 = ClairolNiceNEasy [ok]
585 = Hasbro-EN [ok]
586 = Whisper [ok]
587 = MacCosmetics-ZH_CN [ok]
588 = ts-emea-sandbox [conv 2.0]
589 = MountainGear [conv 2.0]
590 = Acuvue [ok]
591 = OralB-CS_CZ [ok]
592 = Veet-EN_GB [ok]
593 = WolfBrandChili [ok]
594 = HEINE [ok]
595 = 1und1 [ok]
596 = SocialCommerceSummit [ok]
597 = McCoys [conv 2.0]
598 = MindBodyOnline [ok]
599 = Txu [ok]
600 = SallyBeauty [ok]
601 = GeneracDealers [ok]
602 = FreeRecordShop [ok]
603 = YumiDirect [ok]
604 = Elgiganten-SE [ok]
605 = Carbonite [ok]
606 = YesToCarrots [ok]
607 = LoveSac [ok]
608 = Kohls [ok]
609 = Sears [ok]
610 = Nokia [ok]
611 = Soap [ok]
612 = Conrad-EN_US [error]
613 = Whisper-ZH_CN [ok]
614 = StepanTestClientProd [conv 2.0]
615 = LeapFrog [ok]
616 = LululemonHongKong [ok]
617 = LaMaisonDeValerie [ok]
618 = Lenovo-EN_AU [ok]
619 = Honeybell [ok]
620 = LululemonEngland [ok]
621 = OralB-RU_RU [ok]
622 = PostItAustralia [ok]
623 = Citymarket-FI [ok]
624 = Clarins-DE_DE [ok]
625 = Barilla [ok]
626 = Huawei-FR_FR [ok]
627 = ACMETools [ok]
628 = HSamuel [ok]
629 = DoItBest [ok]
630 = Orgullosa [ok]
631 = Ooma [ok]
632 = ExtraordinaryDogs-RU_RU [ok]
633 = Eloquii [ok]
634 = GudProducts [ok]
635 = BellCanada [ok]
636 = CampusBookRentals [ok]
637 = EsteeLauder-EN_ZA [ok]
638 = EveryDayMe-PL_PL [ok]
639 = FosterAndSmithAquatics [ok]
640 = Andersen [ok]
641 = SweatyBetty [ok]
642 = Clarins-ES_ES [ok]
643 = StilaCosmetics [ok]
644 = TheWorks [ok]
645 = EmbraceHomeLoans [ok]
646 = ABSciex [ok]
647 = WorldMarket [ok]
648 = Peerless [ok]
649 = Kirklands [ok]
650 = MacCosmetics-FR_BE [ok]
651 = Braun [ok]
652 = Clarins-FR_CA [ok]
653 = HeadAndShoulders [ok]
654 = PetcareRX [ok]
655 = Aldermore [ok]
656 = Carefree [ok]
657 = Step2 [ok]
658 = Turbotax11 [ok]
659 = Zyrtec [ok]
660 = DirtDevil [conv 2.0]
661 = MockupvoiceDemoClient [conv 2.0]
662 = BestGateOpeners [conv 2.0]
663 = Ariens [ok]
664 = GoDaddy [ok]
665 = Scotchbrite-ES_AR [ok]
666 = Lactaid [ok]
667 = CleanClearCA [ok]
668 = Command-ES_AR [ok]
669 = Dermalogica [ok]
670 = Dyson-FR_CA [ok]
671 = Jetstar [ok]
672 = MustaPorssi [ok]
673 = O2 [ok]
674 = Ob [ok]
675 = Pampers-RO_RO [ok]
676 = Paramim [ok]
677 = Rembrandt [ok]
678 = RimmelLondon [ok]
679 = Sheba [ok]
680 = Similac [ok]
681 = Skii-JA_JP [ok]
682 = SpottedCanary [ok]
683 = Tele2Norge [ok]
684 = Cottonelle [ok]
685 = UCLA [ok]
686 = NutroUltra [ok]
687 = Prixtel-FR [ok]
688 = Loreal [ok]
689 = WilkinsonsHardwareStores [ok]
690 = Samsung-RU_UA [ok]
691 = ci-apac-demo [conv 2.0]
692 = BobJonesUniversityPress [ok]
693 = YvesRocher-NO_NO [ok]
694 = MallyGirl [ok]
695 = YvesRocher-DA_DK [ok]
696 = Samsung-UK_UA [ok]
697 = YvesRocher-RO_RO [ok]
698 = SKII-EN_AU [ok]
699 = YvesRocher-RU_UA [ok]
700 = Ticketbud [conv 2.0]
701 = Hoover [ok]
702 = CIEL [ok]
703 = Peruvianconnectionde [ok]
704 = Kasasa [ok]
705 = BareNecessities [ok]
706 = IntercontinentalSurvey [ok]
707 = StenaLineShopping [ok]
708 = PGEverydaySolutions [ok]
709 = TheTileShop [ok]
710 = HotelsCom [ok]
711 = RedBalloon [ok]
712 = CB2 [ok]
713 = ScotchBrite-EN_SR [ok]
714 = Kaspersky-EN_CA [ok]
715 = Kaspersky-DE_DE [ok]
716 = RenewalByAndersen [ok]
717 = Dirtdevil [ok]
718 = Andotherbrands [ok]
719 = BeatsByDre [ok]
720 = Sprint [ok]
721 = SuperSavvyMe [ok]
722 = Panasonic-FR [ok]
723 = ChampionUSA [ok]
724 = CIBC [ok]
725 = ClassicAccessories [ok]
726 = Clearasil [ok]
727 = Clorox [ok]
728 = CloroxBrand [ok]
729 = Comet [ok]
730 = Command [ok]
731 = ContainerStore [ok]
732 = Cosmedix [ok]
733 = CrestComplete [ok]
734 = CVSPharmacy [ok]
735 = Cyberport [ok]
736 = Cyberswim [ok]
737 = DaveRamsey [ok]
738 = DealsDirect [ok]
739 = Desitin [ok]
740 = DestinationMaternity [ok]
741 = BigW [ok]
742 = DanMurphys [ok]
743 = DigitalChoices [ok]
744 = DingoBrand [ok]
745 = DirectBuy [ok]
746 = Dockers [ok]
747 = DollarTree [ok]
748 = Dominos [ok]
749 = Dotti-AU [ok]
750 = DOW [ok]
751 = DRPower [ok]
752 = DrsFosterAndSmith [ok]
753 = Duckbrand [ok]
754 = Dyson-EN_US [ok]
755 = Easyspirit [ok]
756 = EDreams [ok]
757 = EDreams-ES [ok]
758 = EDreams-FR [ok]
759 = EDreams-IT [ok]
760 = ElizabethArden [ok]
761 = Energizer [ok]
762 = EnergizerCA [ok]
763 = Epson [ok]
764 = Eucerin [ok]
765 = Eukanuba [ok]
766 = EvansCycles [ok]
767 = Exito [ok]
768 = Exofficio [ok]
769 = Expedia [ok]
770 = ExtraSpaceStorage [ok]
771 = Falabella-AR [ok]
772 = FamousFootwear [ok]
773 = FancyFeast [ok]
774 = Fekkai [ok]
775 = FigLeaves-en_US [ok]
776 = Filtrete [ok]
777 = Fingerhut [ok]
778 = Fitflop [ok]
779 = Foderbilen [ok]
780 = FootSmart [ok]
781 = FreePeople [ok]
782 = FrenchConnection-UK [ok]
783 = FrenchConnection-US [ok]
784 = FreshStep [ok]
785 = Friedrich [ok]
786 = Frogtape [ok]
787 = Frontgate [ok]
788 = FujitsuScanners [ok]
789 = GE_Appliances [ok]
790 = Generac [ok]
791 = GeorgeForemanCooking [ok]
792 = GerberLifeInsurance [ok]
793 = Getthere [ok]
794 = Gettington [ok]
795 = Gevalia [ok]
796 = Gillette [ok]
797 = Glade [ok]
798 = Goertz [ok]
799 = Golfnow [ok]
800 = GolfOutletsUsa [ok]
801 = GooGone [ok]
802 = Zales [ok]
803 = GrandinRoad [ok]
804 = Greatcall [ok]
805 = Kingsford [ok]
806 = GuthyRenker [ok]
807 = Hanes [ok]
808 = Stocking-Fillers [ok]
809 = HEMA-NL_NL [ok]
810 = HermanMiller [ok]
811 = HiddenValley [ok]
812 = HillCountryMemorial [ok]
813 = HillsPet [ok]
814 = Hitachi [ok]
815 = HockeyCanada [ok]
816 = HockeyCanada-FR [ok]
817 = HollandBarrett [ok]
818 = HomeDepot [ok]
819 = HomeDepot-Canada [ok]
820 = HRBlock [ok]
821 = Husqvarna [ok]
822 = Poulan [ok]
823 = PoulanPro [ok]
824 = Weedeater [ok]
825 = Hydroxatone [ok]
826 = Iams [ok]
827 = IBMRational [ok]
828 = Icecom [ok]
829 = Improvements [ok]
830 = IntuitWebsites [ok]
831 = JustLastSeason [ok]
832 = Planet [ok]
833 = Precis [ok]
834 = Windsmoor [ok]
835 = JCPenney [ok]
836 = JCWhitney [ok]
837 = Jny [ok]
838 = JohnDeere [ok]
839 = JohnsonsBaby [ok]
840 = Johnsonville [ok]
841 = JPC [ok]
842 = Juicycouture [ok]
843 = JustForMen [ok]
844 = JustMySize [ok]
845 = KayteeBrand [ok]
846 = Kiehls [ok]
847 = KiehlsCanada-EN_CA [ok]
848 = Kitchenscience [ok]
849 = Kodak [ok]
850 = Kotex [ok]
851 = KY [ok]
852 = Laithwaites [ok]
853 = LaithwaitesWine-EN_US [ok]
854 = STWC [ok]
855 = WinePeople-EN_AU [ok]
856 = LakeshoreLearning [ok]
857 = Lancome [ok]
858 = LandsEnd [ok]
859 = LandsEndCanvas [ok]
860 = Laskys [ok]
861 = LauraMercier [ok]
862 = Lego-FR [ok]
863 = LendingTree [ok]
864 = Lennox [ok]
865 = Lenovo [ok]
866 = LensCrafters [ok]
867 = LeroyMerlin-FR_FR [ok]
868 = Levi [ok]
869 = Lexmark [ok]
870 = LG [ok]
871 = LGECanada [ok]
872 = LGElectronics-en [ok]
873 = LinenSource [ok]
874 = Listerine [ok]
875 = LLBean [ok]
876 = Logitech [ok]
877 = Lowcostholidays-EN_GB [ok]
878 = Lowes [ok]
879 = Lysol [ok]
880 = MagnetStreet [ok]
881 = MailLife [ok]
882 = MarieCallenders [ok]
883 = Marineland [ok]
884 = MarvelStore [ok]
885 = Mataffaren-SE [ok]
886 = MatrixDirect [ok]
887 = MauiJim [ok]
888 = Meccacosmetica-AU [ok]
889 = MicroCenter [ok]
890 = Mikasa [ok]
891 = Milgard [ok]
892 = MMA [ok]
893 = Moen [ok]
894 = MoltonBrown [ok]
895 = MoltonBrown-EN_AU [ok]
896 = MoltonBrown-EU [ok]
897 = Motosport [ok]
898 = MoveInc [ok]
899 = Mrchewy [ok]
900 = ENCO [ok]
901 = Myer [ok]
902 = NationalBusinessFurnitureCa [ok]
903 = officechairs [ok]
904 = officefurniture [ok]
905 = Naturalizer [ok]
906 = NatureMakesItWork [ok]
907 = Neck-NL [ok]
908 = Neckermann [ok]
909 = Nectresse [ok]
910 = Neosporin [ok]
911 = Neutrogena [ok]
912 = Newark [ok]
913 = PremierFarnellChina [ok]
914 = NewYorkCompany [ok]
915 = Nexcare [ok]
916 = Next [ok]
917 = Nexxus [ok]
918 = Ninewest [ok]
919 = NiproDiagnostics [ok]
920 = Nivea-EN_US [ok]
921 = Nordstrom [ok]
922 = Solutions [ok]
923 = NorthernTool [ok]
924 = Nutrena [ok]
925 = Nutro [ok]
926 = OCelO [ok]
927 = ODL [ok]
928 = OfficeDepot [ok]
929 = OfficeWorks [ok]
930 = Olay [ok]
931 = OldPuebloTraders [ok]
932 = OneHanesPlace [ok]
933 = OralB-EN_AU [ok]
934 = Orange-FR [ok]
935 = Cheaptickets [ok]
936 = Ebookers [ok]
937 = Hotelclub [ok]
938 = Orbitz [ok]
939 = Ratestogo [ok]
940 = OreIda [ok]
941 = OrientalTrading [ok]
942 = Otto [ok]
943 = PaintersMateGreen [ok]
944 = Pampers [ok]
945 = Pampers-DE_DE [ok]
946 = Pampers-EN_GB [ok]
947 = Pampers-FR_FR [ok]
948 = Pampers-TR_TR [ok]
949 = Panasonic [ok]
950 = Panasonic-AU [ok]
951 = Panasonic-UK [ok]
952 = ParkRoyal [ok]
953 = PartsExpressInternational [ok]
954 = PetArmor [ok]
955 = PetSmart [ok]
956 = PGeStore [ok]
957 = Pharmavite [ok]
958 = Philips [ok]
959 = Philips-FR [ok]
960 = Philips-FR_BE [ok]
961 = Philips-NL_BE [ok]
962 = PineSol [ok]
963 = PNC [ok]
964 = Poise [ok]
965 = Post-It [ok]
966 = PowerOfFamilyMeals [ok]
967 = Prescriptives [ok]
968 = Proactiv-DK [ok]
969 = Proactiv-NO [ok]
970 = Promega [ok]
971 = Promod-FR [ok]
972 = ProPetWebVet [ok]
973 = PurinaONE [ok]
974 = PuritansPride [ok]
975 = PurMinerals [ok]
976 = QuikSilver-ES [ok]
977 = QVC [ok]
978 = QVC-UK [ok]
979 = Rayovac [ok]
980 = Rejuvenation [ok]
981 = RemoteMedical [ok]
982 = RemingtonProducts [ok]
983 = Rickis [ok]
984 = RingCentral [ok]
985 = RioGrande [ok]
986 = Rockport [ok]
987 = Rogaine [ok]
988 = RossSimonsInc [ok]
989 = Rubbermaid [ok]
990 = Sainsburys [ok]
991 = SallyHansen [ok]
992 = SamsClub [ok]
993 = Samsung [ok]
994 = Sanus [ok]
995 = SaveOnPoolSupplies [ok]
996 = Schlage [ok]
997 = ScholasticClubs [ok]
998 = Scotch [ok]
999 = ScotchBlue [ok]
1000 = Scotchbrite [ok]
1001 = Scotchgard [ok]
1002 = Scotchlint [ok]
1003 = ScottsMenswear-EN_GB [ok]
1004 = Seagate [ok]
1005 = SearsCanada [ok]
1006 = Shoes [ok]
1007 = ShopNBC [ok]
1008 = Simple [ok]
1009 = Size-EN_GB [ok]
1010 = SKII [ok]
1011 = Skinceuticals [ok]
1012 = Skullcandy [ok]
1013 = SonyAP-AU [ok]
1014 = SpaceCoastCreditUnion [ok]
1015 = Sterilite [ok]
1016 = StIves [ok]
1017 = Storage [ok]
1018 = StyleUnited [ok]
1019 = SunPower [ok]
1020 = SwannSecurity [ok]
1021 = SweetbaySupermarket [ok]
1022 = Targus [ok]
1023 = Tassimo [ok]
1024 = Teachco [ok]
1025 = Tekk [ok]
1026 = TelusMobility [ok]
1027 = Terrysvillage [ok]
1028 = Tesco [ok]
1029 = TetraFish [ok]
1030 = TheSportshq-ES [ok]
1031 = TheSportshq-FR [ok]
1032 = TheSportshq-IT [ok]
1033 = Thingsremembered [ok]
1034 = ThomasCook [ok]
1035 = Tide [ok]
1036 = TotesIsotoner [ok]
1037 = Tresemme [ok]
1038 = TrippLite [ok]
1039 = Tums [ok]
1040 = TurboTax09 [ok]
1041 = UbyKotex [ok]
1042 = UMB [ok]
1043 = UnderArmour [ok]
1044 = Uniden [ok]
1045 = VegasCom [ok]
1046 = VirginWines [ok]
1047 = Visine [ok]
1048 = VocalPoint [ok]
1049 = Vodafone-UK [ok]
1050 = Steamfast [ok]
1051 = Vornado [ok]
1052 = WagnerSprayTech [ok]
1053 = Walgreens [ok]
1054 = WalMartCanada [ok]
1055 = WilliamsSonoma [ok]
1056 = Wilson [ok]
1057 = WilsonElectronics [ok]
1058 = Windex [ok]
1059 = WindowsPhone [ok]
1060 = ZumbaFitness [ok]
1061 = Futuro [ok]
1062 = PostItmx [ok]
1063 = PruvenPetProducts [ok]
1064 = Littmann [ok]
1065 = ESPE [ok]
1066 = ScotchBrite-ID_ID [ok]
1067 = Commandstrips-EN_GB [ok]
1068 = PostIt-ES_CL [ok]
1069 = SkinAndWound-EN_GB [ok]
1070 = ATCross [ok]
1071 = Kaplanco [ok]
1072 = Greenies [ok]
1073 = VeterinaryPetInsurance [ok]
1074 = PacificCoast [ok]
1075 = SealyBedding [ok]
1076 = Pemco [ok]
1077 = FreeFest [ok]
1078 = Boost [ok]
1079 = Koodomobile [ok]
1080 = Pillsbury [ok]
1081 = SherwinWilliams [ok]
1082 = TractorSupply [ok]
1083 = TrueValue [ok]
1084 = StartRightStartHere [ok]
1085 = AMEXMyTrueEarnings [ok]
1086 = Amextravel [ok]
1087 = Saga-EN [ok]
1088 = MiniBarratts [ok]
1089 = NineteenTwentyOne [ok]
1090 = PetitFeet [ok]
1091 = PricelessShoes [ok]
1092 = BigShoeBoutique [ok]
1093 = Dyson-EN_AU [ok]
1094 = Nationalbusinessfurniture [ok]
1095 = DallasMidwest [ok]
1096 = LloydsPharmacy [ok]
1097 = MamasAndPapas [ok]
1098 = Matalan [ok]
1099 = Musto [ok]
1100 = NationalAustraliaBank [ok]
1101 = UBank [ok]
1102 = Optus [ok]
1103 = OptusBuiltForBusiness [ok]
1104 = SpaceNK-EN [ok]
1105 = EveLom-EN [ok]
1106 = Waterstones [ok]
1107 = KitCosmetics [ok]
1108 = Smiggle-AU [ok]
1109 = TVSN [ok]
1110 = Marksandspencer [ok]
1111 = AllyBank [ok]
1112 = TravelSmith [ok]
1113 = TerritoryAhead [ok]
1114 = BallardDesigns [ok]
1115 = SmithNoble [ok]
1116 = Darty-ES [ok]
1117 = BCC-NL [ok]
1118 = Abreva [ok]
1119 = BreatheRight [ok]
1120 = JnJVisionCare [ok]
1121 = Adidas [ok]
1122 = Adidas-EN_BE [ok]
1123 = Adidas-DE_AT [ok]
1124 = Reebok [ok]
1125 = AdamsGolf [ok]
1126 = Adidas-NL [ok]
1127 = Adidas-EN_GB [ok]
1128 = Adidas-IT [ok]
1129 = Adidas-FR_FR [ok]
1130 = Adidas-ES [ok]
1131 = Adidas-DE_DE [ok]
1132 = Adidas-PT_BR [ok]
1133 = Adidas-RU_RU [ok]
1134 = Adidas-EN_SE [ok]
1135 = Adidas-EN_DK [ok]
1136 = Clairol-EN_CA [ok]
1137 = DDFSkincare [ok]
1138 = Febreze [ok]
1139 = Puffs [ok]
1140 = Bounty [ok]
1141 = Duracell [ok]
1142 = Duracell-RU_RU [ok]
1143 = Duracell-EN_CA [ok]
1144 = Duracell-PT_BR [ok]
1145 = Align [ok]
1146 = Tampax [ok]
1147 = Vicks [ok]
1148 = PrilosecOTC [ok]
1149 = Tide-FR_CA [ok]
1150 = Tide-EN_CA [ok]
1151 = Crest3DWhiteCanada [ok]
1152 = Crest3DWhiteCanadaFR [ok]
1153 = OralB [ok]
1154 = OralB-PT_BR [ok]
1155 = Downy [ok]
1156 = Metamucil [ok]
1157 = Always [ok]
1158 = Always-ES_MX [ok]
1159 = Always-PT_BR [ok]
1160 = PampersLA [ok]
1161 = PampersBrazil [ok]
1162 = Pampers-EN_CA [ok]
1163 = Pampers-FR_CA [ok]
1164 = Pampers-ES [ok]
1165 = Pampers-HU_HU [ok]
1166 = Pampers-PL_PL [ok]
1167 = Pampers-ZH_CN [ok]
1168 = Cascade [ok]
1169 = TAOS [ok]
1170 = Bounce [ok]
1171 = CoverGirl-FR_CA [ok]
1172 = Dawn [ok]
1173 = Koleston-ES_MX [ok]
1174 = Koleston-PT_BR [ok]
1175 = ZzzQuil [ok]
1176 = Bounce-EN_CA [ok]
1177 = Aussie [ok]
1178 = Aussie-EN_GB [ok]
1179 = HeadShoulders-PT_BR [ok]
1180 = HeadAndShouldersPoland [ok]
1181 = Braun-EN_US [ok]
1182 = ChinaLivingArtist-ZH_CN [ok]
1183 = Ariel-PT_BR [ok]
1184 = Pantene-RU_RU [ok]
1185 = PanteneLA [ok]
1186 = ITGC-SV_SE [ok]
1187 = ExtraordinaryDogs [ok]
1188 = ExtraordinaryDogs-DE_DE [ok]
1189 = ExtraordinaryDogs-EN_AU [ok]
1190 = ExtraordinaryDogs-IT_IT [ok]
1191 = ExtraordinaryDogs-ES_ES [ok]
1192 = ExtraordinaryDogs-NL_NL [ok]
1193 = ExtraordinaryDogs-NL_BE [ok]
1194 = ExtraordinaryDogs-PT_PT [ok]
1195 = Proximaati-ES [ok]
1196 = Zininmeer-NL [ok]
1197 = ExtraordinaryDogs-NO_NO [ok]
1198 = Desiderimagazine-IT [ok]
1199 = OralB-DE [ok]
1200 = GillettePoland [ok]
1201 = Gillette-FR_CA [ok]
1202 = GilletteRussia [ok]
1203 = Americangirl [ok]
1204 = NormThompson [ok]
1205 = Sahalie [ok]
1206 = Blair [ok]
1207 = CowardShoes [ok]
1208 = WillowRidge [ok]
1209 = BedfordFair [ok]
1210 = UrbanOutfitters [ok]
1211 = UrbanOutfitters-EN [ok]
1212 = BHLDN [ok]
1213 = Anthropologie-UK [ok]
1214 = Anthropologie-DE [ok]
1215 = RussellHobbs [ok]
1216 = RemingtonEurope [ok]
1217 = BlackAndDeckerAppliances [ok]
1218 = Evans-EN [ok]
1219 = MissSelfridge-EN [ok]
1220 = Wallis-EN [ok]
1221 = BHS [ok]
1222 = Homebase [ok]
1223 = Argos-IE [ok]
1224 = Walmartsr [ok]
1225 = Walmart [ok]
1226 = KBB [ok]
1227 = Autotrader [ok]
1228 = TinyTillia [ok]
1229 = Screwfix [ok]
1230 = Castorama [ok]
1231 = DeltaFaucet [ok]
1232 = Arrow [ok]
1233 = CalderaSpas [ok]
1234 = Wellhome [ok]
1235 = QVC-DE [ok]
1236 = PersonalCreations [ok]
1237 = RedEnvelope [ok]
1238 = Woolworths-EN [ok]
1239 = Brother [ok]
1240 = BurtsBees-CA [ok]
1241 = BurtsBees-UK [ok]
1242 = Canon [ok]
1243 = KidsFootLocker [ok]
1244 = LadyFootlocker [ok]
1245 = Eastbay [ok]
1246 = Final-Score [ok]
1247 = Champssports [ok]
1248 = FootAction [ok]
1249 = Conrad-NL [ok]
1250 = Conrad-CH [ok]
1251 = Conrad-BE [ok]
1252 = Conrad-AT [ok]
1253 = Conrad-DE [ok]
1254 = Averys [ok]
1255 = Disneytheatricalgroup [ok]
1256 = Epson-UK [ok]
1257 = Epson-FR [ok]
1258 = Epson-IT [ok]
1259 = AbuGarcia [ok]
1260 = Foodsaver [ok]
1261 = OsterProCareClub [ok]
1262 = Aer1 [ok]
1263 = Fujitsu [ok]
1264 = YvesSaintLaurent [ok]
1265 = LorealParis-ZH-CN [ok]
1266 = LorealParis-FR-FR [ok]
1267 = Bodyshop-USA [ok]
1268 = LancomeCanada-FR_CA [ok]
1269 = BodyShopCAFr [ok]
1270 = BodyShopCA [ok]
1271 = Vichy [ok]
1272 = Proactiv-FI [ok]
1273 = Proactiv-SE [ok]
1274 = Ripspeed [ok]
1275 = HomedepotFrCa [ok]
1276 = LGECanada-FR [ok]
1277 = LGElectronics-PL [ok]
1278 = LGElectronics-FR_CH [ok]
1279 = LGElectronics-DE [ok]
1280 = LGElectronics-CH [ok]
1281 = LGElectronics-AT [ok]
1282 = lgchina [ok]
1283 = Neck-BE-NL [ok]
1284 = Neck-BE-FR [ok]
1285 = VikingDirect-NL [ok]
1286 = VikingDirect-FR [ok]
1287 = VikingDirect-DE [ok]
1288 = VikingDirect-GB [ok]
1289 = OfficeDepot-EN_CA [ok]
1290 = LeChouchou [ok]
1291 = CrateAndBarrel [ok]
1292 = 3Suisses-DE [ok]
1293 = BaumarktDirekt [ok]
1294 = Venca-ES [ok]
1295 = Philips-NL [ok]
1296 = Philips-IT_IT [ok]
1297 = Philips-ES_ES [ok]
1298 = Philips-DE [ok]
1299 = Philips-UK [ok]
1300 = PhilipsBrand-DE_DE [ok]
1301 = PhilipsBrand-EN_GB [ok]
1302 = Philips-SV_SE [ok]
1303 = PhilipsBrand-FR [ok]
1304 = PhilipsBrand-NL_NL [ok]
1305 = PhilipsBrand-EN_US [ok]
1306 = Philips-DA_DK [ok]
1307 = PhilipsBrand-FR_CH [ok]
1308 = PhilipsBrand-NL_BE [ok]
1309 = PhilipsBrand-ZH_CN [ok]
1310 = PhilipsBrand-DE_CH [ok]
1311 = QuikSilver-FR [ok]
1312 = Roxy-DE [ok]
1313 = Roxy-EN [ok]
1314 = Roxy-ES [ok]
1315 = Roxy-FR [ok]
1316 = DCShoes-FR [ok]
1317 = DCShoes-ES [ok]
1318 = DCShoes-EN [ok]
1319 = DCShoes-DE [ok]
1320 = Airwick [ok]
1321 = Samsung-FR_CA [ok]
1322 = Samsung-PT_PT [ok]
1323 = SonyStyle-PT_BR [ok]
1324 = SonyStyle-ES_MX [ok]
1325 = SonyStyle-ES_CO [ok]
1326 = SonyStyle-ES_AR [ok]
1327 = Sonystyle [ok]
1328 = Toshiba-NO [ok]
1329 = Toshiba-SV [ok]
1330 = Toshiba-EN [ok]
1331 = Toshiba-DA [ok]
1332 = Toshiba [ok]
1333 = Vodafone-AU [ok]
1334 = 3Mobile [ok]
1335 = Vodafone-NL [ok]
1336 = VodafoneNZ [ok]
1337 = Vodafone-IE [ok]
1338 = DogBreedStore [ok]
1339 = RedTag [ok]
1340 = Roots-FR [ok]
1341 = Gettingpersonal [ok]
1342 = Sodimac [ok]
1343 = UrbanDecay [ok]
1344 = Wanimo [ok]
1345 = ChildrensPlace [ok]
1346 = BootsBabycentre [ok]
1347 = AutoAnything [ok]
1348 = Act [ok]
1349 = Cleo [ok]
1350 = Bootlegger [ok]
1351 = GameStopCA-FR [ok]
1352 = LoblawRetail [ok]
1353 = Calphalon [ok]
1354 = CheapCaribbean [ok]
1355 = BestBuyStores [ok]
1356 = BestBuyResellers [ok]
1357 = Bestbuybusiness [ok]
1358 = BingLee [ok]
1359 = BlueInc-EN [ok]
1360 = Buy [ok]
1361 = Nissan [ok]
1362 = Infiniti [ok]
1363 = Mitsubishi [ok]
1364 = CabelasCanada [ok]
1365 = Cars [ok]
1366 = ContinentalTire [ok]
1367 = Wolterskluwerlb [ok]
1368 = CCHGroup [ok]
1369 = Schwans [ok]
1370 = ATT [ok]
1371 = CapitalOne [ok]
1372 = CIBC-FR [ok]
1373 = TicketCity [ok]
1374 = Clarins-EN_GB [ok]
1375 = Coach [ok]
1376 = Calumetphoto-US [ok]
1377 = Calumetphoto-UK [ok]
1378 = Calumetphoto-DE [ok]
1379 = Calumetphoto-NL [ok]
1380 = Cdiscount [ok]
1381 = LeComptoirSante [ok]
1382 = Crocs-GB [ok]
1383 = Crocs-DE [ok]
1384 = Crocs-TW [ok]
1385 = Crocs-SG [ok]
1386 = CrocsStories [ok]
1387 = Crocs-NL [ok]
1388 = Crocs-AU [ok]
1389 = Crocs-FR [ok]
1390 = Crocs-ES [ok]
1391 = CrocsFI [ok]
1392 = CrocsSE [ok]
1393 = CrocsJapan [ok]
1394 = Undergear [ok]
1395 = TheCompanyStore [ok]
1396 = Silhouettes [ok]
1397 = LivingDirect [ok]
1398 = 4inkjets [ok]
1399 = InkCartridges [ok]
1400 = SimplyInk [ok]
1401 = LDProducts [ok]
1402 = 123Inkjets [ok]
1403 = Boxfresh [ok]
1404 = Kickers [ok]
1405 = GetTheLabel-EN [ok]
1406 = Cyberdefender [ok]
1407 = Emmabridgewater-EN [ok]
1408 = Plantes [ok]
1409 = Alexia [ok]
1410 = KidCuisine [ok]
1411 = WorldStrides [ok]
1412 = PepBoys [ok]
1413 = Buckle [ok]
1414 = WetSeal [ok]
1415 = AllConnect [ok]
1416 = 1St-Class-Wedding-Invitations [ok]
1417 = BettaElectrical [ok]
1418 = Indeed [ok]
1419 = Burpee [ok]
1420 = CooksGarden [ok]
1421 = StenaLineImagine [ok]
1422 = TexasInstruments [ok]
1423 = WinderFarms [ok]
1424 = Singer [ok]
1425 = Tele2 [ok]
1426 = TeamBeachBody [ok]
1427 = Beachbody [ok]
1428 = EnergizerNTPE [ok]
1429 = Armstrong [ok]
1430 = BostonProperInc [ok]
1431 = Soma [ok]
1432 = Havertys [ok]
1433 = LeeJeans [ok]
1434 = Timberland [ok]
1435 = Palomar [ok]
1436 = Sees [ok]
1437 = BonTon [ok]
1438 = Gresvig [ok]
1439 = GresvigGsport [ok]
1440 = Sportchalet [ok]
1441 = PCNametag [ok]
1442 = Radley [ok]
1443 = LinksOfLondon-EN [ok]
1444 = EFCSTours [ok]
1445 = SmithsonianStudentTravel [ok]
1446 = Buyagift-ES [ok]
1447 = Buyagift-FR [ok]
1448 = Buyagift-IT [ok]
1449 = CharGriller [ok]
1450 = Lorex [ok]
1451 = PierceBiotechnologies [ok]
1452 = TheWatchery [ok]
1453 = Patagonia [ok]
1454 = Patagonia-JP [ok]
1455 = Marks [ok]
1456 = Scholastic [ok]
1457 = ASICS-DE [ok]
1458 = ASICS-FR [ok]
1459 = AsicsNetherlands [ok]
1460 = AsicsIreland [ok]
1461 = ASICS-IT [ok]
1462 = ASICS-UK [ok]
1463 = Lululemon [ok]
1464 = Ivivva [ok]
1465 = DiscoverHL [ok]
1466 = Gravely [ok]
1467 = AKG-US [ok]
1468 = AKG-GB [ok]
1469 = AKG-DE [ok]
1470 = AKG-FR [ok]
1471 = AKG-IT [ok]
1472 = AKG-TR [ok]
1473 = ChiefManufacturing [ok]
1474 = NativeRemedies [ok]
1475 = FigLeaves [ok]
1476 = Catherines [ok]
1477 = WatchStation [ok]
1478 = Lego-DE [ok]
1479 = Lego-KO [ok]
1480 = Blinds [ok]
1481 = BlindsNet [ok]
1482 = Touring-NL [ok]
1483 = Kyocera [ok]
1484 = JCPPortraits [ok]
1485 = TargetPortraits [ok]
1486 = AmericaFirst [ok]
1487 = UniversityFederalCreditUnion [ok]
1488 = Cpa2Biz [ok]
1489 = AICPA [ok]
1490 = MovieTickets [ok]
1491 = NikonSportOptics [ok]
1492 = NikonLearnExplore [ok]
1493 = Gamehouse [ok]
1494 = TrinaTurk [ok]
1495 = OpenTable [ok]
1496 = Surlatable [ok]
1497 = Lenovo-EN_CA [ok]
1498 = Lenovo-EN_GB [ok]
1499 = Lenovo-DE_DE [ok]
1500 = JewelryTelevision [ok]
1501 = FrontlineShop [ok]
1502 = Seagate-FR [ok]
1503 = Seagate-GB [ok]
1504 = Seagate-DE [ok]
1505 = PendletonWoolenMills [ok]
1506 = Lumens [ok]
1507 = PotteryBarnTeen [ok]
1508 = Camif-FR [ok]
1509 = Meubles [ok]
1510 = Petmeds [ok]
1511 = Petmeds-EN [ok]
1512 = Petmeds-DE [ok]
1513 = Thymes [ok]
1514 = UPromise [ok]
1515 = Telmore [ok]
1516 = PeoplesMortgage-EN_US [ok]
1517 = AdvancedBeauty [ok]
1518 = Murad [ok]
1519 = Belkin [ok]
1520 = Willemse-FR [ok]
1521 = LabSeries [ok]
1522 = JoMaloneUK [ok]
1523 = EsteeLauder-CN [ok]
1524 = EsteeLauder [ok]
1525 = Darphin [ok]
1526 = CremeDeLaMer-JA_JP [ok]
1527 = CremeDeLaMer-EN_GB [ok]
1528 = CliniqueDenmark [ok]
1529 = CliniqueBrazil [ok]
1530 = Clinique-UK [ok]
1531 = Clinique-RU_RU [ok]
1532 = Clinique-JP [ok]
1533 = Clinique-ES [ok]
1534 = Clinique-DE [ok]
1535 = Clinique-AU [ok]
1536 = Clinique-AT [ok]
1537 = BobbiBrownGermany [ok]
1538 = BobbiBrown-UK [ok]
1539 = BobbiBrown-JA [ok]
1540 = BobbiBrown-ES [ok]
1541 = BobbiBrown [ok]
1542 = Aveda-UK [ok]
1543 = Aveda [ok]
1544 = Origins-ZH_CN [ok]
1545 = Smashbox [ok]
1546 = Smashbox-EN_GB [ok]
1547 = Clinique-FR_BE [ok]
1548 = Aveda-JA_JP [ok]
1549 = Aveda-DE_DE [ok]
1550 = Clinique-NL_NL [ok]
1551 = LabSeries-KO_KR [ok]
1552 = PCConnection [ok]
1553 = UniversalOrlando [ok]
1554 = GroupPublishing [ok]
1555 = RCWilley [ok]
1556 = NovationForum [ok]
1557 = BigSkyCountry [ok]
1558 = Activia [ok]
1559 = Schwab [ok]
1560 = FirstTennesseeBank [ok]
1561 = BathandBodyWorks [ok]
1562 = BathAndBodyWorks-Stories [ok]
1563 = Warrior [ok]
1564 = TexasExes [ok]
1565 = BetzoldEdumero [ok]
1566 = Betzold [ok]
1567 = Betzold-DE_AT [ok]
1568 = Betzold-DE_CH [ok]
1569 = Academy [ok]
1570 = LegalZoom [ok]
1571 = Nordstrom2 [ok]
1572 = Shoedazzle [ok]
1573 = MacSales [ok]
1574 = AJMadison [ok]
1575 = BarefootBooks [ok]
1576 = CathKidston [ok]
1577 = PeruvianConnection [ok]
1578 = Thomasville [ok]
1579 = Lane [ok]
1580 = Broyhill [ok]
1581 = BedBathBeyond [ok]
1582 = BuyBuyBaby [ok]
1583 = RosettaStone-EN_GB [ok]
1584 = Rogers [ok]
1585 = FredericksOfHollywood [ok]
1586 = Boscovs [ok]
1587 = VeraBradley-JA_JP [ok]
1588 = VeraBradley [ok]
1589 = TheSportsHQ [ok]
1590 = TheSportshq-SE [ok]
1591 = SoftSurroundings [ok]
1592 = Homax [ok]
1593 = Verizon [ok]
1594 = VerizonAccessories [ok]
1595 = VerizonFIOS-EN_US [ok]
1596 = OPGI [ok]
1597 = Liftmaster [ok]
1598 = TargetAustralia [ok]
1599 = MyDogsMission [ok]
1600 = Apple-FR_FR [ok]
1601 = Apple-EN_GB [ok]
1602 = Apple-EN_AU [ok]
1603 = Apple [ok]
1604 = Apple-NL [ok]
1605 = Apple-ES_ES [ok]
1606 = Apple-IT_IT [ok]
1607 = Apple-DE_DE [ok]
1608 = WhirlpoolWaterHeaters [ok]
1609 = Absolute [ok]
1610 = Avery [ok]
1611 = GEGenerators [ok]
1612 = Columbia [ok]
1613 = MountainHardwear [ok]
1614 = Sorel [ok]
1615 = HBSP [ok]
1616 = Goodnites [ok]
1617 = IBMSTG-DE [ok]
1618 = IBMSTG-ZH [ok]
1619 = Invitrogen [ok]
1620 = MarketDay [ok]
1621 = MicrosoftShop [ok]
1622 = MicrosoftStore [ok]
1623 = Pella [ok]
1624 = Qwest [ok]
1625 = SkilTools [ok]
1626 = SanDisk [ok]
1627 = SelectComfort [ok]
1628 = Sheplers [ok]
1629 = SigmaAldrich [ok]
1630 = StarbucksStore [ok]
1631 = ThomsonWest [ok]
1632 = UniqloTw [ok]
1633 = UniqloUk [ok]
1634 = Maytag [ok]
1635 = Xerox-EN_GB [ok]
1636 = Xerox-FR_CA [ok]
1637 = 1800Mattress [ok]
1638 = Sleepys [ok]
1639 = CentraalBeheer-NL [ok]
1640 = Payless [ok]
1641 = RCI [ok]
1642 = RCI-ES [ok]
1643 = GoneDigging [ok]
1644 = Dressbarn [ok]
1645 = Fashionbug [ok]
1646 = Sonsi [ok]
1647 = SplashDirect [ok]
1648 = OneDirect-IT [ok]
1649 = OneDirect-DE [ok]
1650 = OneDirect-ES [ok]
1651 = OneDirect-PT [ok]
1652 = LendingTreeFB [ok]
1653 = Michaels [ok]
1654 = Express [ok]
1655 = Tirebuyer [ok]
1656 = Victorinox-ES_MX [ok]
1657 = Victorinox-JA [ok]
1658 = Victorinox-PT [ok]
1659 = Paris [ok]
1660 = HornyToad [ok]
1661 = Nau [ok]
1662 = FBFS [ok]
1663 = Sundance [ok]
1664 = Artbeads [ok]
1665 = Lazyboy [ok]
1666 = FansEdge [ok]
1667 = AmericanEagle [ok]
1668 = Carters [ok]
1669 = OshKosh [ok]
1670 = Jared [ok]
1671 = KneeDraggers [ok]
1672 = Cyclesport [ok]
1673 = CoffeeForLess [ok]
1674 = Gumps [ok]
1675 = Somewhere [ok]
1676 = Vertbaudet-ES [ok]
1677 = Vertbaudet-DE [ok]
1678 = Vertbaudet-PT [ok]
1679 = Vertbaudet [ok]
1680 = Vertbaudet-EN [ok]
1681 = Vertbaudet-DE_CH [ok]
1682 = Vertbaudet-FR_CH [ok]
1683 = Daxon [ok]
1684 = YvesRocher-FR_CH [ok]
1685 = RunCom [ok]
1686 = Escentual-EN [ok]
1687 = AmericanMuscle [ok]
1688 = CarMax [ok]
1689 = SFR [ok]
1690 = Skymall [ok]
1691 = CitySoftware [ok]
1692 = 1800petmeds [ok]
1693 = LiveNation [ok]
1694 = Ticketmaster [ok]
1695 = Ticketmaster-DE_DE [ok]
1696 = AirNWater [ok]
1697 = Goldsmiths [ok]
1698 = PureCollection [ok]
1699 = Akateeminen [ok]
1700 = Reliable [ok]
1701 = TroyBilt [ok]
1702 = Electrolux-EN_GB [ok]
1703 = PartyLite [ok]
1704 = Talbots [ok]
1705 = WegmansFoodMarkets [ok]
1706 = Titus-EN [ok]
1707 = Titus-DE [ok]
1708 = Aldo-EN_CA [ok]
1709 = Aldo [ok]
1710 = Aldo-EN_GB [ok]
1711 = Aldo-FR_CA [ok]
1712 = TommyBahama [ok]
1713 = Dell-KO [ok]
1714 = Dell-ZH [ok]
1715 = Dell-DE [ok]
1716 = Dell-JA [ok]
1717 = Dell-NL [ok]
1718 = Sportscraft [ok]
1719 = Saba [ok]
1720 = Ainsworth [ok]
1721 = ShoeCarnival [ok]
1722 = Jacques-Vert [ok]
1723 = VitaCost [ok]
1724 = Pervasive [ok]
1725 = Intheswim [ok]
1726 = PoolProducts [ok]
1727 = Pagoda [ok]
1728 = Zodee [ok]
1729 = Beautique [ok]
1730 = ElsevierHealth [ok]
1731 = LexisNexis [ok]
1732 = Oakley [ok]
1733 = WLGore [ok]
1734 = Warehouseexpress [ok]
1735 = Haiereurope-DE_DE [ok]
1736 = Millets [ok]
1737 = MensWearhouse [ok]
1738 = AceGroup [ok]
1739 = StateFarm [ok]
1740 = Autoglass [ok]
1741 = RebelSport [ok]
1742 = AmartAllSports [ok]
1743 = DesignToscano [ok]
1744 = Cosmox [ok]
1745 = Morgan [ok]
1746 = CowParadeAustin [ok]
1747 = Seton [ok]
1748 = Auchan [ok]
1749 = Cultura-FR [ok]
1750 = 2bStores [ok]
1751 = Bebe [ok]
1752 = BigFishGames [ok]
1753 = Bigfishgames-SV_SE [ok]
1754 = Bigfishgames-PT_BR [ok]
1755 = Bigfishgames-NL_NL [ok]
1756 = Bigfishgames-JA_JP [ok]
1757 = Bigfishgames-IT_IT [ok]
1758 = Bigfishgames-FR_FR [ok]
1759 = Bigfishgames-ES_ES [ok]
1760 = Bigfishgames-DA_DK [ok]
1761 = Bigfishgames-DE_DE [ok]
1762 = EileenFisher [ok]
1763 = MSCDirect [ok]
1764 = Norauto-FR [ok]
1765 = Dune [ok]
1766 = Specialized [ok]
1767 = FashionUnion [ok]
1768 = Wonderbox [ok]
1769 = GrandeCommunications [ok]
1770 = Noritake [ok]
1771 = Paperchase [ok]
1772 = RestaurantCom [ok]
1773 = Priceline [ok]
1774 = Mysupermarket [ok]
1775 = YellowbookSKU-EN_GB [ok]
1776 = YellowbookSKU-EN_US [ok]
1777 = YellowbookMRCH-EN_US [ok]
1778 = YellowbookMRCH-EN_GB [ok]
1779 = Phones4U [ok]
1780 = Dialaphone [ok]
1781 = Sussan [ok]
1782 = Katespade [ok]
1783 = Real-DE [ok]
1784 = PowerMat [ok]
1785 = Anntaylorloft [ok]
1786 = AnnTaylor [ok]
1787 = BenefitCosmetics [ok]
1788 = Fresh [ok]
1789 = Sephora-FR [ok]
1790 = Bayer [ok]
1791 = Amprobe [ok]
1792 = Fluke [ok]
1793 = MatcoTools [ok]
1794 = Tektronix [ok]
1795 = Slendertone [ok]
1796 = Slendertone-FR [ok]
1797 = Slendertone-EN [ok]
1798 = Slendertone-DE [ok]
1799 = Anneklein [ok]
1800 = Rachelroy [ok]
1801 = RivermarkCommunityCreditUnion [ok]
1802 = SATS-SV [ok]
1803 = SATS-NO [ok]
1804 = SATS-DA [ok]
1805 = SATS-FI [ok]
1806 = MetroPCS [ok]
1807 = AnalogDevices-ZH_TW [ok]
1808 = AnalogDevices-JA_JP [ok]
1809 = AnalogDevices [ok]
1810 = Andrewsfcu [ok]
1811 = FederalPremium [ok]
1812 = Submarino [ok]
1813 = Americanas [ok]
1814 = BradfordBingley [ok]
1815 = Bissell [ok]
1816 = BonMarche [ok]
1817 = GoToMyPC [ok]
1818 = Crane [ok]
1819 = LiNing [ok]
1820 = Hallmark [ok]
1821 = Crayola [ok]
1822 = JeanneDArc [ok]
1823 = MohawkFlooring [ok]
1824 = Oreck [ok]
1825 = RONA [ok]
1826 = WrapLondon [ok]
1827 = PoetryFashion [ok]
1828 = Wraplondon-DE_DE [ok]
1829 = Poetryfashion-DE_DE [ok]
1830 = TDMortgage [ok]
1831 = VermontCountryStore [ok]
1832 = McAfee [ok]
1833 = Valspar [ok]
1834 = ABNAMRO [ok]
1835 = Lifeisgood [ok]
1836 = HitachiPowerTools [ok]
1837 = MoltonBrown-EN_GB [ok]
1838 = Pumaeu [ok]
1839 = Puma [ok]
1840 = EMCIIG [ok]
1841 = ParamountFarms [ok]
1842 = APC [ok]
1843 = Prisma-FI_FI [ok]
1844 = VBT [ok]
1845 = LastCall [ok]
1846 = Suncast [ok]
1847 = ToryBurch [ok]
1848 = Hach [ok]
1849 = Rackspace [ok]
1850 = AmplifyCreditUnion [ok]
1851 = CallawayGolfPreowned [ok]
1852 = Carparts [ok]
1853 = Clarins-EN_US [ok]
1854 = Epithimies-EL [ok]
1855 = Dell-FR [ok]
1856 = Dell-DA [ok]
1857 = Dell-IT [ok]
1858 = Dell-NO [ok]
1859 = Dell-PT [ok]
1860 = Dell-SV [ok]
1861 = Logitech-FR_FR [ok]
1862 = HPAPJ-KO [ok]
1863 = HPAPJ-TW [ok]
1864 = HPAPJ-CHI [ok]
1865 = HP-ES [ok]
1866 = HP-IT [ok]
1867 = HP-NL [ok]
1868 = HP-PT [ok]
1869 = HP-SV [ok]
1870 = SonyStyle-ES_CL [ok]
1871 = Ojon-EN_GB [ok]
1872 = BobbiBrown-KR [ok]
1873 = BobbiBrown-EN_AU [ok]
1874 = BobbiBrown-ZH_CN [ok]
1875 = DisneyStore-DE_DE [ok]
1876 = DisneyStore-EN_GB [ok]
1877 = MaxMySpeed [ok]
1878 = SoccerSavings [ok]
1879 = FootLocker-EN_GB [ok]
1880 = NCL [ok]
1881 = Berghaus [ok]
1882 = DiscountDance [ok]
1883 = USCellular [ok]
1884 = LowesCreativeIdeas [ok]
1885 = Daxon-EN [ok]
1886 = Cyrillus-FR [ok]
1887 = Grays [ok]
1888 = AmericanGolf [ok]
1889 = Shop3M [ok]
1890 = ScotchBrite-ES_MX [ok]
1891 = Conrad-FR [ok]
1892 = Conrad-UK [ok]
1893 = Touring-FR [ok]
1894 = Victorinox-DE [ok]
1895 = Victorinox-EN [ok]
1896 = Victorinox-ES_ES [ok]
1897 = Victorinox-FR [ok]
1898 = Victorinox-IT [ok]
1899 = QuikSilver-DE [ok]
1900 = QuikSilver-EN [ok]
1901 = Topman-EN [ok]
1902 = Topshop-EN [ok]
1903 = DorothyPerkins-EN [ok]
1904 = Burton-EN [ok]
1905 = BHS-EN [ok]
1906 = Brother-EN [ok]
1907 = MyAirCleaner [ok]
1908 = JohnFrieda-EN_GB [ok]
1909 = JohnFrieda-FR_CA [ok]
1910 = YvesRocher-DE_AT [ok]
1911 = YvesRocher-DE_CH [ok]
1912 = YvesRocher-DE_DE [ok]
1913 = YvesRocher-EN_CA [ok]
1914 = YvesRocher-EN_US [ok]
1915 = YvesRocher-ES_ES [ok]
1916 = YvesRocher-FR_BE [ok]
1917 = YvesRocher-FR_CA [ok]
1918 = YvesRocher-FR_FR [ok]
1919 = YvesRocher-NL_BE [ok]
1920 = YvesRocher-NL_NL [ok]
1921 = YvesRocher-RU_RU [ok]
1922 = YvesRocher-SV_SE [ok]
1923 = Graco [ok]
1924 = Garnier [ok]
1925 = LoblawRetail-FR [ok]
1926 = ToppsTiles [ok]
1927 = Stockmann-FI [ok]
1928 = Command-ES_CL [ok]
1929 = Command-ES_MX [ok]
1930 = Command-PT_BR [ok]
1931 = PostIt-ES_AR [ok]
1932 = LGElectronics-ES [ok]
1933 = Ticketmaster-en_AU [ok]
1934 = Ticketmaster-EN_CA [ok]
1935 = Ticketmaster-EN_GB [ok]
1936 = Ticketmaster-EN_IE [ok]
1937 = Ticketmaster-en_MX [ok]
1938 = Ticketmaster-en_NZ [ok]
1939 = Ticketmaster-es_MX [ok]
1940 = Ticketmaster-ES_US [ok]
1941 = Ticketmaster-FR_CA [ok]
1942 = Ticketmaster-EN_ES [ok]
1943 = Ticketmaster-ES_ES [ok]
1944 = Samsung-DE_AT [ok]
1945 = Samsung-DE_CH [ok]
1946 = Samsung-EN_CA [ok]
1947 = Samsung-EN_GB [ok]
1948 = Samsung-EN_ZA [ok]
1949 = Samsung-FR_FR [ok]
1950 = Samsung-PT_BR [ok]
1951 = Samsung-SV_SE [ok]
1952 = Samsung-TR_TR [ok]
1953 = Samsung-ZH_CN [ok]
1954 = PhilipsBrand-EN_IN [ok]
1955 = PhilipsBrand-ES_ES [ok]
1956 = PhilipsBrand-IT_IT [ok]
1957 = PhilipsBrand-PL_PL [ok]
1958 = PhilipsBrand-PT_BR [ok]
1959 = PhilipsBrand-RU [ok]
1960 = PhilipsBrand-TR_TR [ok]
1961 = PhilipsBrand-FR_BE [ok]
1962 = Spectracide [ok]
1963 = CreateAndCraft [ok]
1964 = IdealWorld [ok]
1965 = OralB-ES [ok]
1966 = Footlocker [ok]
1967 = Asics [ok]
1968 = AsicsSpain [ok]
1969 = SmythsToys [ok]
1970 = PoetryFashion-EN_US [ok]
1971 = Dentalcare-EN_GB [ok]
1972 = Smuckers [ok]
1973 = DiscoverCard [ok]
1974 = HPSMB [ok]
1975 = Avon-UK [ok]
1976 = Calendars [ok]
1977 = JamPlastics [ok]
1978 = PotteryBarn [ok]
1979 = Intuitappcenter [ok]
1980 = Bumbleandbumble [ok]
1981 = Sheridan [ok]
1982 = Olay-EN_CA [ok]
1983 = Olay-ES [ok]
1984 = Olay-FR_CA [ok]
1985 = Olay-PT_BR [ok]
1986 = O2Germany-DE [ok]
1987 = Serta [ok]
1988 = Adidas-EN_CA [ok]
1989 = Adidas-EN_IE [ok]
1990 = Adidas-ES_CO [ok]
1991 = Aloette [ok]
1992 = AstroGaming [ok]
1993 = AutopartsWarehouse [ok]
1994 = BandAid [ok]
1995 = BankFashion-EN_GB [ok]
1996 = Barratts [ok]
1997 = Baur [ok]
1998 = BetzoldGmbH [ok]
1999 = BigYellow [ok]
2000 = BitDefender [ok]
2001 = BurtsBees [ok]
2002 = CatChow [ok]
2003 = CDW [ok]
2004 = ClarksUSA [ok]
2005 = Clinique-CN [ok]
2006 = Clinique-FR [ok]
2007 = Clinique-IT_IT [ok]
2008 = Clinique-KO_KR [ok]
2009 = Clinique [ok]
2010 = Clinique-SP [ok]
2011 = CompleteTax [ok]
2012 = Costco-EN_CA [ok]
2013 = Crocs-EU [ok]
2014 = Crocs-HK [ok]
2015 = Crocs-IT [ok]
2016 = Crocs [ok]
2017 = EsteeLauder-DE [ok]
2018 = EsteeLauder-ES_US [ok]
2019 = Esteelauder-EN_UK [ok]
2020 = EsteeLauder-DE_AT [ok]
2021 = EsteeLauder-EN_AU [ok]
2022 = EsteeLauder-ES_ES [ok]
2023 = EsteeLauder-FR_FR [ok]
2024 = EsteeLauder-JP [ok]
2025 = EsteeLauder-RU_RU [ok]
2026 = ExtraordinaryDogs-ES_AR [ok]
2027 = ExtraordinaryDogs-FR_BE [ok]
2028 = Falabella-CO [ok]
2029 = Falabella-PE [ok]
2030 = FigisGallery [ok]
2031 = Flip [ok]
2032 = GilletteVenus-EN_CA [ok]
2033 = GilletteVenus-FR_CA [ok]
2034 = HomeMadeSimple-EN_CA [ok]
2035 = HomeMadeSimple-FR_CA [ok]
2036 = Haiereurope-EN_GB [ok]
2037 = Haiereurope-ES_ES [ok]
2038 = Haiereurope-FR_FR [ok]
2039 = Haiereurope-IT_IT [ok]
2040 = JackDaniels [ok]
2041 = Lekkerinhetleven-NL [ok]
2042 = MACCosmetics-DE [ok]
2043 = MacCosmetics-EN_AU [ok]
2044 = MacCosmetics-ES_ES [ok]
2045 = Maccosmetics-da_dk [ok]
2046 = MACCosmetics-EN_CA [ok]
2047 = MacCosmetics [ok]
2048 = MacCosmetics-EN_GB [ok]
2049 = MacCosmetics-JA_JP [ok]
2050 = MacCosmetics-KO_KR [ok]
2051 = Maccosmetics-DE_AT [ok]
2052 = Maccosmetics-FR [ok]
2053 = Maccosmetics-FR_CA [ok]
2054 = Maccosmetics-IT [ok]
2055 = Maccosmetics-NL_NL [ok]
2056 = Maccosmetics-RU_RU [ok]
2057 = Nokia-DE_DE [ok]
2058 = Nokia-EN_US [ok]
2059 = Nokia-ES_ES [ok]
2060 = Nokia-IT_IT [ok]
2061 = Nokia-NL_NL [ok]
2062 = Nokia-PL_PL [ok]
2063 = Nokia-SV_SE [ok]
2064 = CoverGirl [ok]
2065 = CremedeLaMer [ok]
2066 = Crisco [ok]
2067 = DoubleMySpeed [ok]
2068 = RoyalCaribbean [ok]
2069 = Darty [ok]
2070 = GetMeIn [ok]
2071 = JBL [ok]
2072 = LookVoyages [ok]
2073 = Karstadt [ok]
2074 = Amway [ok]
2075 = Fairy-NO_NO [ok]
2076 = CamerasDirect [ok]
2077 = CarnivalCruiseLines [ok]
2078 = Windowfilm [ok]
2079 = RCI-PT [ok]
2080 = JayJays-AU [ok]
2081 = FurnitureRow [ok]
2082 = StrideRite [ok]
2083 = Belk [ok]
2084 = Asda [ok]
2085 = Finish-EN_US [ok]
2086 = Amdro [ok]
2087 = Schwab-DE [ok]
2088 = Dentalcare [ok]
2089 = TescoWines [ok]
2090 = ELC [ok]
2091 = Origins [ok]
2092 = ElCorteIngles [ok]
2093 = Repel [ok]
2094 = BVP-Magento-Sandbox3 [conv 2.0]
2095 = Bengay [ok]
2096 = SKII-KO_KR [ok]
2097 = LOrealParisUk [ok]
2098 = JamesAvery [ok]
2099 = BareEscentuals-EN_GB [ok]
2100 = LittleShopOfBazaarvoice [conv 2.0]
2101 = GilletteVenus-ES [ok]
2102 = GilletteVenus-PT_BR [ok]
2103 = ClearBlueEasy [ok]
2104 = AudioTechnica [ok]
2105 = ASB [ok]
2106 = Debenhams-IE [ok]
2107 = Luxottica [ok]
2108 = SofaCom [ok]
2109 = si-sandbox [conv 2.0]
2110 = BagsAndBows [conv 2.0]
2111 = support-emea-sandbox [conv 2.0]
2112 = LondonDrugs [ok]
2113 = Buyagift-EN [ok]
2114 = 3Suisses [ok]
2115 = SecuriteMaisonDomotique [ok]
2116 = Epson-CA [ok]
2117 = Adidas-EN_AU [ok]
2118 = Bounce-FR_CA [ok]
2119 = YvesRocher-FI_FI [ok]
2120 = DicksSportingGoods [ok]
2121 = Adidas-EN_NZ [ok]
2122 = Schlecker-DE [ok]
2123 = JohnLewis [ok]
2124 = Aveda-EN_AU [ok]
2125 = Lillypulitzer [ok]
2126 = GP [ok]
2127 = Finish [ok]
2128 = EpsonLatinAmerica [ok]
2129 = Clinique-TH_TH [ok]
2130 = LululemonEurope [ok]
2131 = Orbitzaggregate [ok]
2132 = Nicorette [ok]
2133 = DogChow [conv 2.0]
2134 = Kaspersky [ok]
2135 = Apartments [ok]
2136 = EddieBauer [ok]
2137 = FisherPrice [ok]
2138 = PETCO [ok]
2139 = Samsung-PL_PL [ok]
2140 = EveryDayMe-RU_RU [ok]
2141 = Elgiganten-DK [ok]
2142 = BONOBO [ok]
2143 = Clarins-FR [ok]
2144 = DrScholls [ok]
2145 = Suomalainen-FI [ok]
2146 = CleanClear [ok]
2147 = Helzberg [ok]
2148 = AustralianWine [ok]
2149 = Tazo [ok]
2150 = BCBSFL [ok]
2151 = Torpedo7 [ok]
2152 = Nespresso [ok]
2153 = GTO [conv 2.0]
2154 = Conforama-FR [ok]
2155 = Clairol [ok]
2156 = Ellis [ok]
2157 = BoschTools [ok]
2158 = Always-FR_CA [ok]
2159 = Humana [ok]
2160 = Clarins-EN_CA [ok]
2161 = SamsungProducts [ok]
2162 = Colgate-EN_GB [ok]
2163 = Boots [ok]
2164 = BuyCostumes [ok]
2165 = Speedo [ok]
2166 = Elkjop-SK [ok]
2167 = FinishLine [ok]
2168 = MayoClinic [ok]
2169 = Coppertone [ok]
2170 = Glad [ok]
2171 = DiscountGateOpeners [conv 2.0]
2172 = Dyson-CA [ok]
2173 = Command-EN_AU [ok]
2174 = Chicos [ok]
2175 = WhiteHouseBlackMarket [ok]
2176 = CleanStart [ok]
2177 = HibuOnlineChannel [ok]
2178 = VidalSassoon [ok]
2179 = Harveys [ok]
2180 = Scotts [ok]
2181 = Aveeno [ok]
2182 = Nationwide [ok]
2183 = ThomasCook-FR_FR [ok]
2184 = Samsung-NO_NO [ok]
2185 = Samsung-EN_IN [ok]
2186 = Samsung-ES_ES [ok]
2187 = Samsung-RU_RU [ok]
2188 = HTC [ok]
2189 = Nicoderm [ok]
2190 = OpenTable-DE_DE [ok]
2191 = Mattel [ok]
2192 = Sharp [ok]
2193 = BareEscentuals [ok]
2194 = Kaspersky-FR_FR [ok]
2195 = Diy [ok]
2196 = ScotchBrand-EN_AU [ok]
2197 = PhoneHouse-SE [ok]
2198 = CrockPot [ok]
2199 = HealthyChoice [ok]
2200 = GlassesCom [ok]
2201 = Chamberlain-DIY [ok]
2202 = Dove [ok]
2203 = Salon [ok]
2204 = Cutter [ok]
2205 = Argos [ok]
2206 = Werner [ok]
2207 = TiffanyCo [ok]
2208 = Kaspersky-EN_GB [ok]
2209 = Rumbo-ES [ok]
2210 = Bounty-EN_CA [ok]
2211 = Panasonic-DE [ok]
