
[INFO] 17:52:57   : [object Object]
[INFO] 17:52:57   : --- client name: pullups
[INFO] 17:52:57   : --- host name: pullups.ugc.bazaarvoice.com
[INFO] 17:52:57   : --- display code: 4123
[INFO] 17:52:57   : --- using api host name: yes
[INFO] 17:52:57   : --- test environment : bvstaging
[INFO] 17:52:57   : --- product external id : test1
[INFO] 17:52:57   : --- implementation id : test-and-demo-client-id
[INFO] 17:52:57   : Working with: http://pullups.ugc.bazaarvoice.com/bvstaging/4123/test1/reviews.htm?format=noscript
[SUCCESS] 17:52:58   : Status received = success
[INFO] 17:52:58   : Event Triggered: onPageSuccess
[INFO] 17:52:58   : Start grabbing css properties
[INFO] 17:52:58   : colorToHex: translating rgb(110, 17, 159) to hex
[INFO] 17:52:58   : colorToHex: translating rgb(255, 255, 255) to hex
[INFO] 17:52:58   : colorToHex: translating rgb(149, 149, 149) to hex
[INFO] 17:52:59   : colorToHex: translating rgb(149, 149, 149) to hex
[INFO] 17:52:59   : colorToHex: translating rgb(149, 149, 149) to hex
[INFO] 17:52:59   : colorToHex: translating rgb(149, 149, 149) to hex
[INFO] 17:52:59   : colorToHex: translating rgb(149, 149, 149) to hex
[INFO] 17:52:59   : colorToHex: translating rgb(149, 149, 149) to hex
[INFO] 17:52:59   : colorToHex: translating rgb(113, 19, 153) to hex
[INFO] 17:52:59   : colorToHex: translating rgb(113, 19, 153) to hex
[INFO] 17:52:59   : colorToHex: translating rgb(113, 19, 153) to hex
[INFO] 17:52:59   : Could not access to element using path: .BVRRDisplayContentLinkWrite a
[INFO] 17:52:59   : grabCssProperties: skips: 1; processed: 66
[INFO] 17:52:59   : Start grabbing rating stars properties
[INFO] 17:52:59   : /bvstaging/4123/3_0/5/rating.gif
[INFO] 17:52:59   : Using OverallRating image
[INFO] 17:52:59   : Image url: http://pullups.ugc.bazaarvoice.com/bvstaging/4123/3_0/5/rating.gif
[INFO] 17:52:59   : Image dimensions [with: 0, height: 0]
[INFO] 17:52:59   : /bvstaging/4123/3_0/5/ratingSecondary.gif
[INFO] 17:52:59   : Using SecondaryRating image
[INFO] 17:52:59   : Image url: http://pullups.ugc.bazaarvoice.com/bvstaging/4123/3_0/5/ratingSecondary.gif
[INFO] 17:52:59   : Image dimensions [with: 0, height: 0]
[INFO] 17:52:59   : Checking if all steps were done
[INFO] 17:52:59   : Not all tasks were completed:
[INFO] 17:52:59   : grabCssProperties - ok
[WARN] 17:52:59 ! : grabRatingStars - not ok
[DEMO] 17:52:59   : Need to re-run : yes
[INFO] 17:52:59   : Thresholds left: 3
[INFO] 17:53:04   : Event Triggered: onPageSuccess
[INFO] 17:53:04   : Start grabbing rating stars properties
[INFO] 17:53:04   : /bvstaging/4123/3_0/5/rating.gif
[INFO] 17:53:04   : Using OverallRating image
[INFO] 17:53:04   : Image url: http://pullups.ugc.bazaarvoice.com/bvstaging/4123/3_0/5/rating.gif
[INFO] 17:53:04   : Image dimensions [with: 125, height: 20]
[INFO] 17:53:04   : Setting with attribute
[INFO] 17:53:04   : Setting height attribute
[INFO] 17:53:04   : Appending image into the document body
[INFO] 17:53:04   : Drawing rating stars image
[INFO] 17:53:04   : colorToHex: translating rgb(126, 33, 162) to hex
[INFO] 17:53:04   : colorToHex: translating rgb(210, 215, 217) to hex
[INFO] 17:53:04   : /bvstaging/4123/3_0/5/ratingSecondary.gif
[INFO] 17:53:04   : Using SecondaryRating image
[INFO] 17:53:04   : Image url: http://pullups.ugc.bazaarvoice.com/bvstaging/4123/3_0/5/ratingSecondary.gif
[INFO] 17:53:04   : Image dimensions [with: 155, height: 9]
[INFO] 17:53:04   : Setting with attribute
[INFO] 17:53:04   : Setting height attribute
[INFO] 17:53:04   : Appending image into the document body
[INFO] 17:53:04   : Drawing rating stars image
[INFO] 17:53:04   : colorToHex: translating rgb(0, 128, 34) to hex
[INFO] 17:53:04   : colorToHex: translating rgb(179, 179, 179) to hex
[INFO] 17:53:04   : grabRatingStars: skips: 0; processed: 2
[INFO] 17:53:04   : Checking if all steps were done
[INFO] 17:53:04   : Saving Data
[INFO] 17:53:04   : Results:
[INFO] 17:53:04   : ========================================
[INFO] 17:53:04   : 
{"text":{"DimensionValues":{"color":"#959595","font-family":"Helvetica, Arial, sans-serif","font-size":"15px","font-style":"normal","line-height":"22px","text-transform":"none"},"Lables":{"color":"#959595","font-family":"Helvetica, Arial, sans-serif","font-size":"13px","font-style":"normal","line-height":"19px","text-transform":"none"},"Links":{"active":{"color":"#711399","font-family":"Helvetica, Arial, sans-serif","font-size":"12px","font-style":"normal","line-height":"19px","text-transform":"none"},"hover":{"color":"#711399","font-family":"Helvetica, Arial, sans-serif","font-size":"12px","font-style":"normal","line-height":"19px","text-transform":"none"},"visited":{"color":"#711399","font-family":"Helvetica, Arial, sans-serif","font-size":"12px","font-style":"normal","line-height":"19px","text-transform":"none"}},"ReviewDates":{"color":"#959595","font-family":"Helvetica, Arial, sans-serif","font-size":"13px","font-style":"normal","line-height":"19px","text-transform":"none"},"ReviewText":{"color":"#959595","font-family":"Helvetica, Arial, sans-serif","font-size":"13px","font-style":"normal","line-height":"19px","text-transform":"none"},"ReviewTitles":{"color":"#6e119f","font-family":"BPreplayBold, Helvetica, Arial, sans-serif","font-size":"20px","font-style":"normal","line-height":"30px","text-transform":"none"},"ReviewerName":{"color":"#959595","font-family":"Helvetica, Arial, sans-serif","font-size":"13px","font-style":"normal","line-height":"19px","text-transform":"none"},"SectionHeader":{"color":"#ffffff","font-family":"Helvetica, Arial, sans-serif","font-size":"18px","font-style":"normal","line-height":"26px","text-transform":"none"},"SectionHeaderControls":{"color":"#959595","font-family":"Helvetica, Arial, sans-serif","font-size":"13px","font-style":"normal","line-height":"19px","text-transform":"none"}},"images":{"OverallRating":{"empty":"#d2d7d9","full":"#7e21a2","size":20},"SecondaryRating":{"empty":"#b3b3b3","full":"#008022","size":9}}}
[INFO] 17:53:04   : ========================================
[INFO] 17:53:04   : Completed with:
[INFO] 17:53:04   : Task: @grabCssProperties [skips: 1; processed: 66]
[WARN] 17:53:04 ! :    Could not access to element using path: .BVRRDisplayContentLinkWrite a
[INFO] 17:53:04   : Task: @grabRatingStars [skips: 0; processed: 2]
[INFO] 17:53:04   : Data is saved into the file: customers/pullups.json
[INFO] 17:53:04   : Modified: ratingIcons.summaryStars.subStyles.full.color : #7e21a2
[INFO] 17:53:04   : Modified: ratingIcons.summaryStars.subStyles.full.size : 20
[INFO] 17:53:04   : Modified: ratingIcons.summaryStars.subStyles.empty.color : #d2d7d9
[INFO] 17:53:04   : Modified: ratingIcons.summaryStars.subStyles.empty.size : 20
[INFO] 17:53:04   : Modified: ratingIcons.bars.subStyles.full.color : #008022
[INFO] 17:53:04   : Modified: ratingIcons.bars.subStyles.full.size : 9
[INFO] 17:53:05   : Modified: ratingIcons.bars.subStyles.empty.color : #b3b3b3
[INFO] 17:53:05   : Modified: ratingIcons.bars.subStyles.empty.size : 9
[INFO] 17:53:05   : Modified: ratingIcons.reviewStars.subStyles.full.color : #7e21a2
[INFO] 17:53:05   : Modified: ratingIcons.reviewStars.subStyles.full.size : 20
[INFO] 17:53:05   : Modified: ratingIcons.reviewStars.subStyles.empty.color : #d2d7d9
[INFO] 17:53:05   : Modified: ratingIcons.reviewStars.subStyles.empty.size : 20
[INFO] 17:53:05   : Data is saved into the file: customers/pullups.bhive